<?xml version="1.0" encoding="UTF-8"?>
<!-- Generated by org.testng.reporters.JUnitXMLReporter -->
<testsuite hostname="DESKTOP-3A4C4UN" ignored="0" name="Test Create and Delete  Wish List Flow" tests="2" failures="0" timestamp="2020-08-07T00:24:43 CEST" time="27.163" errors="0">
  <testcase name="createWishlist" time="13.811" classname="test.CreateWishListAndDeleteListTest"/>
  <testcase name="deleteWishList" time="0.195" classname="test.CreateWishListAndDeleteListTest"/>
</testsuite> <!-- Test Create and Delete  Wish List Flow -->
